
Start-Date: 2026-02-10  14:05:44
Commandline: apt-get install --reinstall apt
Reinstall: apt:amd64 (2.7.14build2)
End-Date: 2026-02-10  14:05:46

Start-Date: 2026-02-10  14:05:48
Commandline: apt-get install --reinstall base-files
Reinstall: base-files:amd64 (13ubuntu10)
End-Date: 2026-02-10  14:05:50

Start-Date: 2026-02-10  14:05:53
Commandline: apt-get install --reinstall base-passwd
Reinstall: base-passwd:amd64 (3.6.3build1)
End-Date: 2026-02-10  14:05:54

Start-Date: 2026-02-10  14:05:57
Commandline: apt-get install --reinstall bash
Reinstall: bash:amd64 (5.2.21-2ubuntu4)
End-Date: 2026-02-10  14:05:59

Start-Date: 2026-02-10  14:06:02
Commandline: apt-get install --reinstall bsdutils
Reinstall: bsdutils:amd64 (1:2.39.3-9ubuntu6)
End-Date: 2026-02-10  14:06:03

Start-Date: 2026-02-10  14:06:06
Commandline: apt-get install --reinstall coreutils
Reinstall: coreutils:amd64 (9.4-3ubuntu6)
End-Date: 2026-02-10  14:06:07

Start-Date: 2026-02-10  14:06:10
Commandline: apt-get install --reinstall dash
Reinstall: dash:amd64 (0.5.12-6ubuntu5)
End-Date: 2026-02-10  14:06:12

Start-Date: 2026-02-10  14:06:15
Commandline: apt-get install --reinstall debconf
Reinstall: debconf:amd64 (1.5.86ubuntu1)
End-Date: 2026-02-10  14:06:16

Start-Date: 2026-02-10  14:06:19
Commandline: apt-get install --reinstall debianutils
Reinstall: debianutils:amd64 (5.17build1)
End-Date: 2026-02-10  14:06:20

Start-Date: 2026-02-10  14:06:23
Commandline: apt-get install --reinstall diffutils
Reinstall: diffutils:amd64 (1:3.10-1build1)
End-Date: 2026-02-10  14:06:25

Start-Date: 2026-02-10  14:06:28
Commandline: apt-get install --reinstall dpkg
Reinstall: dpkg:amd64 (1.22.6ubuntu6)
End-Date: 2026-02-10  14:06:29

Start-Date: 2026-02-10  14:06:32
Commandline: apt-get install --reinstall e2fsprogs
Reinstall: e2fsprogs:amd64 (1.47.0-2.4~exp1ubuntu4)
End-Date: 2026-02-10  14:06:34

Start-Date: 2026-02-10  14:06:36
Commandline: apt-get install --reinstall findutils
Reinstall: findutils:amd64 (4.9.0-5build1)
End-Date: 2026-02-10  14:06:38

Start-Date: 2026-02-10  14:06:40
Commandline: apt-get install --reinstall gcc-14-base:amd64
Reinstall: gcc-14-base:amd64 (14-20240412-0ubuntu1)
End-Date: 2026-02-10  14:06:42

Start-Date: 2026-02-10  14:06:45
Commandline: apt-get install --reinstall gpgv
Reinstall: gpgv:amd64 (2.4.4-2ubuntu17)
End-Date: 2026-02-10  14:06:46

Start-Date: 2026-02-10  14:06:49
Commandline: apt-get install --reinstall grep
Reinstall: grep:amd64 (3.11-4build1)
End-Date: 2026-02-10  14:06:50

Start-Date: 2026-02-10  14:06:53
Commandline: apt-get install --reinstall gzip
Reinstall: gzip:amd64 (1.12-1ubuntu3)
End-Date: 2026-02-10  14:06:55

Start-Date: 2026-02-10  14:06:58
Commandline: apt-get install --reinstall hostname
Reinstall: hostname:amd64 (3.23+nmu2ubuntu2)
End-Date: 2026-02-10  14:06:59

Start-Date: 2026-02-10  14:07:02
Commandline: apt-get install --reinstall init-system-helpers
Reinstall: init-system-helpers:amd64 (1.66ubuntu1)
End-Date: 2026-02-10  14:07:03

Start-Date: 2026-02-10  14:07:06
Commandline: apt-get install --reinstall libacl1:amd64
Reinstall: libacl1:amd64 (2.3.2-1build1)
End-Date: 2026-02-10  14:07:08

Start-Date: 2026-02-10  14:07:11
Commandline: apt-get install --reinstall libapt-pkg6.0t64:amd64
Reinstall: libapt-pkg6.0t64:amd64 (2.7.14build2)
End-Date: 2026-02-10  14:07:12

Start-Date: 2026-02-10  14:07:15
Commandline: apt-get install --reinstall libassuan0:amd64
Reinstall: libassuan0:amd64 (2.5.6-1build1)
End-Date: 2026-02-10  14:07:16

Start-Date: 2026-02-10  14:07:19
Commandline: apt-get install --reinstall libattr1:amd64
Reinstall: libattr1:amd64 (1:2.5.2-1build1)
End-Date: 2026-02-10  14:07:20

Start-Date: 2026-02-10  14:07:23
Commandline: apt-get install --reinstall libaudit-common
Reinstall: libaudit-common:amd64 (1:3.1.2-2.1build1)
End-Date: 2026-02-10  14:07:25

Start-Date: 2026-02-10  14:07:27
Commandline: apt-get install --reinstall libaudit1:amd64
Reinstall: libaudit1:amd64 (1:3.1.2-2.1build1)
End-Date: 2026-02-10  14:07:29

Start-Date: 2026-02-10  14:07:32
Commandline: apt-get install --reinstall libblkid1:amd64
Reinstall: libblkid1:amd64 (2.39.3-9ubuntu6)
End-Date: 2026-02-10  14:07:33

Start-Date: 2026-02-10  14:07:36
Commandline: apt-get install --reinstall libbz2-1.0:amd64
Reinstall: libbz2-1.0:amd64 (1.0.8-5.1)
End-Date: 2026-02-10  14:07:37

Start-Date: 2026-02-10  14:07:40
Commandline: apt-get install --reinstall libc-bin
Reinstall: libc-bin:amd64 (2.39-0ubuntu8)
End-Date: 2026-02-10  14:07:42

Start-Date: 2026-02-10  14:07:45
Commandline: apt-get install --reinstall libc6:amd64
Reinstall: libc6:amd64 (2.39-0ubuntu8)
End-Date: 2026-02-10  14:07:47

Start-Date: 2026-02-10  14:07:50
Commandline: apt-get install --reinstall libcap-ng0:amd64
Reinstall: libcap-ng0:amd64 (0.8.4-2build2)
End-Date: 2026-02-10  14:07:52

Start-Date: 2026-02-10  14:07:54
Commandline: apt-get install --reinstall libcap2:amd64
Reinstall: libcap2:amd64 (1:2.66-5ubuntu2)
End-Date: 2026-02-10  14:07:56

Start-Date: 2026-02-10  14:07:59
Commandline: apt-get install --reinstall libcom-err2:amd64
Reinstall: libcom-err2:amd64 (1.47.0-2.4~exp1ubuntu4)
End-Date: 2026-02-10  14:08:00

Start-Date: 2026-02-10  14:08:03
Commandline: apt-get install --reinstall libcrypt1:amd64
Reinstall: libcrypt1:amd64 (1:4.4.36-4build1)
End-Date: 2026-02-10  14:08:04

Start-Date: 2026-02-10  14:08:07
Commandline: apt-get install --reinstall libdebconfclient0:amd64
Reinstall: libdebconfclient0:amd64 (0.271ubuntu3)
End-Date: 2026-02-10  14:08:08

Start-Date: 2026-02-10  14:08:11
Commandline: apt-get install --reinstall libext2fs2t64:amd64
Reinstall: libext2fs2t64:amd64 (1.47.0-2.4~exp1ubuntu4)
End-Date: 2026-02-10  14:08:12

Start-Date: 2026-02-10  14:08:15
Commandline: apt-get install --reinstall libffi8:amd64
Reinstall: libffi8:amd64 (3.4.6-1build1)
End-Date: 2026-02-10  14:08:17

Start-Date: 2026-02-10  14:08:19
Commandline: apt-get install --reinstall libgcc-s1:amd64
Reinstall: libgcc-s1:amd64 (14-20240412-0ubuntu1)
End-Date: 2026-02-10  14:08:21

Start-Date: 2026-02-10  14:08:24
Commandline: apt-get install --reinstall libgcrypt20:amd64
Reinstall: libgcrypt20:amd64 (1.10.3-2build1)
End-Date: 2026-02-10  14:08:25

Start-Date: 2026-02-10  14:08:28
Commandline: apt-get install --reinstall libgmp10:amd64
Reinstall: libgmp10:amd64 (2:6.3.0+dfsg-2ubuntu6)
End-Date: 2026-02-10  14:08:29

Start-Date: 2026-02-10  14:08:32
Commandline: apt-get install --reinstall libgnutls30t64:amd64
Reinstall: libgnutls30t64:amd64 (3.8.3-1.1ubuntu3)
End-Date: 2026-02-10  14:08:34

Start-Date: 2026-02-10  14:08:36
Commandline: apt-get install --reinstall libgpg-error0:amd64
Reinstall: libgpg-error0:amd64 (1.47-3build2)
End-Date: 2026-02-10  14:08:38

Start-Date: 2026-02-10  14:08:41
Commandline: apt-get install --reinstall libhogweed6t64:amd64
Reinstall: libhogweed6t64:amd64 (3.9.1-2.2build1)
End-Date: 2026-02-10  14:08:42

Start-Date: 2026-02-10  14:08:45
Commandline: apt-get install --reinstall libidn2-0:amd64
Reinstall: libidn2-0:amd64 (2.3.7-2build1)
End-Date: 2026-02-10  14:08:46

Start-Date: 2026-02-10  14:08:49
Commandline: apt-get install --reinstall liblz4-1:amd64
Reinstall: liblz4-1:amd64 (1.9.4-1build1)
End-Date: 2026-02-10  14:08:50

Start-Date: 2026-02-10  14:08:53
Commandline: apt-get install --reinstall liblzma5:amd64
Reinstall: liblzma5:amd64 (5.6.1+really5.4.5-1)
End-Date: 2026-02-10  14:08:55

Start-Date: 2026-02-10  14:08:57
Commandline: apt-get install --reinstall libmd0:amd64
Reinstall: libmd0:amd64 (1.1.0-2build1)
End-Date: 2026-02-10  14:08:59

Start-Date: 2026-02-10  14:09:02
Commandline: apt-get install --reinstall libmount1:amd64
Reinstall: libmount1:amd64 (2.39.3-9ubuntu6)
End-Date: 2026-02-10  14:09:03

Start-Date: 2026-02-10  14:09:06
Commandline: apt-get install --reinstall libncursesw6:amd64
Reinstall: libncursesw6:amd64 (6.4+20240113-1ubuntu2)
End-Date: 2026-02-10  14:09:07

Start-Date: 2026-02-10  14:09:10
Commandline: apt-get install --reinstall libnettle8t64:amd64
Reinstall: libnettle8t64:amd64 (3.9.1-2.2build1)
End-Date: 2026-02-10  14:09:11

Start-Date: 2026-02-10  14:09:14
Commandline: apt-get install --reinstall libnpth0t64:amd64
Reinstall: libnpth0t64:amd64 (1.6-3.1build1)
End-Date: 2026-02-10  14:09:15

Start-Date: 2026-02-10  14:09:18
Commandline: apt-get install --reinstall libp11-kit0:amd64
Reinstall: libp11-kit0:amd64 (0.25.3-4ubuntu2)
End-Date: 2026-02-10  14:09:20

Start-Date: 2026-02-10  14:09:22
Commandline: apt-get install --reinstall libpam-modules:amd64
Reinstall: libpam-modules:amd64 (1.5.3-5ubuntu5)
End-Date: 2026-02-10  14:09:24

Start-Date: 2026-02-10  14:09:27
Commandline: apt-get install --reinstall libpam-modules-bin
Reinstall: libpam-modules-bin:amd64 (1.5.3-5ubuntu5)
End-Date: 2026-02-10  14:09:28

Start-Date: 2026-02-10  14:09:31
Commandline: apt-get install --reinstall libpam-runtime
Reinstall: libpam-runtime:amd64 (1.5.3-5ubuntu5)
End-Date: 2026-02-10  14:09:32

Start-Date: 2026-02-10  14:09:35
Commandline: apt-get install --reinstall libpam0g:amd64
Reinstall: libpam0g:amd64 (1.5.3-5ubuntu5)
End-Date: 2026-02-10  14:09:37

Start-Date: 2026-02-10  14:09:39
Commandline: apt-get install --reinstall libpcre2-8-0:amd64
Reinstall: libpcre2-8-0:amd64 (10.42-4ubuntu2)
End-Date: 2026-02-10  14:09:41

Start-Date: 2026-02-10  14:09:44
Commandline: apt-get install --reinstall libproc2-0:amd64
Reinstall: libproc2-0:amd64 (2:4.0.4-4ubuntu3)
End-Date: 2026-02-10  14:09:45

Start-Date: 2026-02-10  14:09:47
Commandline: apt-get install --reinstall libseccomp2:amd64
Reinstall: libseccomp2:amd64 (2.5.5-1ubuntu3)
End-Date: 2026-02-10  14:09:49

Start-Date: 2026-02-10  14:09:52
Commandline: apt-get install --reinstall libselinux1:amd64
Reinstall: libselinux1:amd64 (3.5-2ubuntu2)
End-Date: 2026-02-10  14:09:53

Start-Date: 2026-02-10  14:09:56
Commandline: apt-get install --reinstall libsemanage-common
Reinstall: libsemanage-common:amd64 (3.5-1build5)
End-Date: 2026-02-10  14:09:57

Start-Date: 2026-02-10  14:10:00
Commandline: apt-get install --reinstall libsemanage2:amd64
Reinstall: libsemanage2:amd64 (3.5-1build5)
End-Date: 2026-02-10  14:10:01

Start-Date: 2026-02-10  14:10:04
Commandline: apt-get install --reinstall libsepol2:amd64
Reinstall: libsepol2:amd64 (3.5-2build1)
End-Date: 2026-02-10  14:10:05

Start-Date: 2026-02-10  14:10:08
Commandline: apt-get install --reinstall libsmartcols1:amd64
Reinstall: libsmartcols1:amd64 (2.39.3-9ubuntu6)
End-Date: 2026-02-10  14:10:09

Start-Date: 2026-02-10  14:10:12
Commandline: apt-get install --reinstall libss2:amd64
Reinstall: libss2:amd64 (1.47.0-2.4~exp1ubuntu4)
End-Date: 2026-02-10  14:10:13

Start-Date: 2026-02-10  14:10:16
Commandline: apt-get install --reinstall libssl3t64:amd64
Reinstall: libssl3t64:amd64 (3.0.13-0ubuntu3)
End-Date: 2026-02-10  14:10:17

Start-Date: 2026-02-10  14:10:20
Commandline: apt-get install --reinstall libstdc++6:amd64
Reinstall: libstdc++6:amd64 (14-20240412-0ubuntu1)
End-Date: 2026-02-10  14:10:22

Start-Date: 2026-02-10  14:10:24
Commandline: apt-get install --reinstall libsystemd0:amd64
Reinstall: libsystemd0:amd64 (255.4-1ubuntu8)
End-Date: 2026-02-10  14:10:26

Start-Date: 2026-02-10  14:10:28
Commandline: apt-get install --reinstall libtasn1-6:amd64
Reinstall: libtasn1-6:amd64 (4.19.0-3build1)
End-Date: 2026-02-10  14:10:30

Start-Date: 2026-02-10  14:10:33
Commandline: apt-get install --reinstall libtinfo6:amd64
Reinstall: libtinfo6:amd64 (6.4+20240113-1ubuntu2)
End-Date: 2026-02-10  14:10:34

Start-Date: 2026-02-10  14:10:37
Commandline: apt-get install --reinstall libudev1:amd64
Reinstall: libudev1:amd64 (255.4-1ubuntu8)
End-Date: 2026-02-10  14:10:38

Start-Date: 2026-02-10  14:10:41
Commandline: apt-get install --reinstall libunistring5:amd64
Reinstall: libunistring5:amd64 (1.1-2build1)
End-Date: 2026-02-10  14:10:43

Start-Date: 2026-02-10  14:10:45
Commandline: apt-get install --reinstall libuuid1:amd64
Reinstall: libuuid1:amd64 (2.39.3-9ubuntu6)
End-Date: 2026-02-10  14:10:47

Start-Date: 2026-02-10  14:10:50
Commandline: apt-get install --reinstall libxxhash0:amd64
Reinstall: libxxhash0:amd64 (0.8.2-2build1)
End-Date: 2026-02-10  14:10:51

Start-Date: 2026-02-10  14:10:54
Commandline: apt-get install --reinstall libzstd1:amd64
Reinstall: libzstd1:amd64 (1.5.5+dfsg2-2build1)
End-Date: 2026-02-10  14:10:55

Start-Date: 2026-02-10  14:10:58
Commandline: apt-get install --reinstall login
Reinstall: login:amd64 (1:4.13+dfsg1-4ubuntu3)
End-Date: 2026-02-10  14:11:00

Start-Date: 2026-02-10  14:11:02
Commandline: apt-get install --reinstall logsave
Reinstall: logsave:amd64 (1.47.0-2.4~exp1ubuntu4)
End-Date: 2026-02-10  14:11:04

Start-Date: 2026-02-10  14:11:06
Commandline: apt-get install --reinstall mawk
Reinstall: mawk:amd64 (1.3.4.20240123-1build1)
End-Date: 2026-02-10  14:11:08

Start-Date: 2026-02-10  14:11:10
Commandline: apt-get install --reinstall mount
Reinstall: mount:amd64 (2.39.3-9ubuntu6)
End-Date: 2026-02-10  14:11:12

Start-Date: 2026-02-10  14:11:14
Commandline: apt-get install --reinstall ncurses-base
Reinstall: ncurses-base:amd64 (6.4+20240113-1ubuntu2)
End-Date: 2026-02-10  14:11:16

Start-Date: 2026-02-10  14:11:18
Commandline: apt-get install --reinstall ncurses-bin
Reinstall: ncurses-bin:amd64 (6.4+20240113-1ubuntu2)
End-Date: 2026-02-10  14:11:20

Start-Date: 2026-02-10  14:11:23
Commandline: apt-get install --reinstall passwd
Reinstall: passwd:amd64 (1:4.13+dfsg1-4ubuntu3)
End-Date: 2026-02-10  14:11:24

Start-Date: 2026-02-10  14:11:27
Commandline: apt-get install --reinstall perl-base
Reinstall: perl-base:amd64 (5.38.2-3.2build2)
End-Date: 2026-02-10  14:11:28

Start-Date: 2026-02-10  14:11:32
Commandline: apt-get install --reinstall procps
Reinstall: procps:amd64 (2:4.0.4-4ubuntu3)
End-Date: 2026-02-10  14:11:33

Start-Date: 2026-02-10  14:11:36
Commandline: apt-get install --reinstall sed
Reinstall: sed:amd64 (4.9-2build1)
End-Date: 2026-02-10  14:11:37

Start-Date: 2026-02-10  14:11:40
Commandline: apt-get install --reinstall sensible-utils
Reinstall: sensible-utils:amd64 (0.0.22)
End-Date: 2026-02-10  14:11:41

Start-Date: 2026-02-10  14:11:44
Commandline: apt-get install --reinstall sysvinit-utils
Reinstall: sysvinit-utils:amd64 (3.08-6ubuntu3)
End-Date: 2026-02-10  14:11:45

Start-Date: 2026-02-10  14:11:48
Commandline: apt-get install --reinstall tar
Reinstall: tar:amd64 (1.35+dfsg-3build1)
End-Date: 2026-02-10  14:11:49

Start-Date: 2026-02-10  14:11:52
Commandline: apt-get install --reinstall ubuntu-keyring
Reinstall: ubuntu-keyring:amd64 (2023.11.28.1)
End-Date: 2026-02-10  14:11:54

Start-Date: 2026-02-10  14:11:56
Commandline: apt-get install --reinstall util-linux
Reinstall: util-linux:amd64 (2.39.3-9ubuntu6)
End-Date: 2026-02-10  14:11:58

Start-Date: 2026-02-10  14:12:01
Commandline: apt-get install --reinstall zlib1g:amd64
Reinstall: zlib1g:amd64 (1:1.3.dfsg-3.1ubuntu2)
End-Date: 2026-02-10  14:12:02

Start-Date: 2026-02-10  14:12:08
Commandline: apt-get --yes -oDebug::pkgDepCache::AutoInstall=yes --no-install-recommends --force-yes upgrade
Upgrade: dpkg:amd64 (1.22.6ubuntu6, 1.22.6ubuntu6.5), libsmartcols1:amd64 (2.39.3-9ubuntu6, 2.39.3-9ubuntu6.4), libpam-runtime:amd64 (1.5.3-5ubuntu5, 1.5.3-5ubuntu5.5), coreutils:amd64 (9.4-3ubuntu6, 9.4-3ubuntu6.1), libaudit-common:amd64 (1:3.1.2-2.1build1, 1:3.1.2-2.1build1.1), apt:amd64 (2.7.14build2, 2.8.3), libacl1:amd64 (2.3.2-1build1, 2.3.2-1build1.1), libunistring5:amd64 (1.1-2build1, 1.1-2build1.1), libidn2-0:amd64 (2.3.7-2build1, 2.3.7-2build1.1), libtasn1-6:amd64 (4.19.0-3build1, 4.19.0-3ubuntu0.24.04.2), libselinux1:amd64 (3.5-2ubuntu2, 3.5-2ubuntu2.1), liblzma5:amd64 (5.6.1+really5.4.5-1, 5.6.1+really5.4.5-1ubuntu0.2), libhogweed6t64:amd64 (3.9.1-2.2build1, 3.9.1-2.2build1.1), libext2fs2t64:amd64 (1.47.0-2.4~exp1ubuntu4, 1.47.0-2.4~exp1ubuntu4.1), libp11-kit0:amd64 (0.25.3-4ubuntu2, 0.25.3-4ubuntu2.1), libproc2-0:amd64 (2:4.0.4-4ubuntu3, 2:4.0.4-4ubuntu3.2), libsystemd0:amd64 (255.4-1ubuntu8, 255.4-1ubuntu8.12), libmount1:amd64 (2.39.3-9ubuntu6, 2.39.3-9ubuntu6.4), libzstd1:amd64 (1.5.5+dfsg2-2build1, 1.5.5+dfsg2-2build1.1), util-linux:amd64 (2.39.3-9ubuntu6, 2.39.3-9ubuntu6.4), libudev1:amd64 (255.4-1ubuntu8, 255.4-1ubuntu8.12), libgpg-error0:amd64 (1.47-3build2, 1.47-3build2.1), libnettle8t64:amd64 (3.9.1-2.2build1, 3.9.1-2.2build1.1), libcom-err2:amd64 (1.47.0-2.4~exp1ubuntu4, 1.47.0-2.4~exp1ubuntu4.1), libcap2:amd64 (1:2.66-5ubuntu2, 1:2.66-5ubuntu2.2), libc6:amd64 (2.39-0ubuntu8, 2.39-0ubuntu8.7), libuuid1:amd64 (2.39.3-9ubuntu6, 2.39.3-9ubuntu6.4), gpgv:amd64 (2.4.4-2ubuntu17, 2.4.4-2ubuntu17.4), base-files:amd64 (13ubuntu10, 13ubuntu10.4), gzip:amd64 (1.12-1ubuntu3, 1.12-1ubuntu3.1), login:amd64 (1:4.13+dfsg1-4ubuntu3, 1:4.13+dfsg1-4ubuntu3.2), libgmp10:amd64 (2:6.3.0+dfsg-2ubuntu6, 2:6.3.0+dfsg-2ubuntu6.1), libpcre2-8-0:amd64 (10.42-4ubuntu2, 10.42-4ubuntu2.1), libseccomp2:amd64 (2.5.5-1ubuntu3, 2.5.5-1ubuntu3.1), procps:amd64 (2:4.0.4-4ubuntu3, 2:4.0.4-4ubuntu3.2), libapt-pkg6.0t64:amd64 (2.7.14build2, 2.8.3), mount:amd64 (2.39.3-9ubuntu6, 2.39.3-9ubuntu6.4), perl-base:amd64 (5.38.2-3.2build2, 5.38.2-3.2ubuntu0.2), libpam0g:amd64 (1.5.3-5ubuntu5, 1.5.3-5ubuntu5.5), libc-bin:amd64 (2.39-0ubuntu8, 2.39-0ubuntu8.7), libattr1:amd64 (1:2.5.2-1build1, 1:2.5.2-1build1.1), libaudit1:amd64 (1:3.1.2-2.1build1, 1:3.1.2-2.1build1.1), libssl3t64:amd64 (3.0.13-0ubuntu3, 3.0.13-0ubuntu3.7), libgnutls30t64:amd64 (3.8.3-1.1ubuntu3, 3.8.3-1.1ubuntu3.4), libblkid1:amd64 (2.39.3-9ubuntu6, 2.39.3-9ubuntu6.4), logsave:amd64 (1.47.0-2.4~exp1ubuntu4, 1.47.0-2.4~exp1ubuntu4.1), liblz4-1:amd64 (1.9.4-1build1, 1.9.4-1build1.1), libbz2-1.0:amd64 (1.0.8-5.1, 1.0.8-5.1build0.1), zlib1g:amd64 (1:1.3.dfsg-3.1ubuntu2, 1:1.3.dfsg-3.1ubuntu2.1), libmd0:amd64 (1.1.0-2build1, 1.1.0-2build1.1), bsdutils:amd64 (1:2.39.3-9ubuntu6, 1:2.39.3-9ubuntu6.4), libss2:amd64 (1.47.0-2.4~exp1ubuntu4, 1.47.0-2.4~exp1ubuntu4.1), libstdc++6:amd64 (14-20240412-0ubuntu1, 14.2.0-4ubuntu2~24.04), e2fsprogs:amd64 (1.47.0-2.4~exp1ubuntu4, 1.47.0-2.4~exp1ubuntu4.1), passwd:amd64 (1:4.13+dfsg1-4ubuntu3, 1:4.13+dfsg1-4ubuntu3.2), gcc-14-base:amd64 (14-20240412-0ubuntu1, 14.2.0-4ubuntu2~24.04), libgcc-s1:amd64 (14-20240412-0ubuntu1, 14.2.0-4ubuntu2~24.04)
End-Date: 2026-02-10  14:12:14

Start-Date: 2026-02-10  14:12:15
Commandline: apt-get --yes -oDebug::pkgDepCache::AutoInstall=yes --no-install-recommends --force-yes dist-upgrade
Install: libdb5.3t64:amd64 (5.3.28+dfsg2-7, automatic)
Upgrade: libpam-modules:amd64 (1.5.3-5ubuntu5, 1.5.3-5ubuntu5.5), libpam-modules-bin:amd64 (1.5.3-5ubuntu5, 1.5.3-5ubuntu5.5)
End-Date: 2026-02-10  14:12:16

Start-Date: 2026-02-10  14:12:16
Commandline: apt-get --yes -oDebug::pkgDepCache::AutoInstall=yes --no-install-recommends install unminimize
Install: unminimize:amd64 (0.2.1)
End-Date: 2026-02-10  14:12:16

Start-Date: 2026-02-17  20:20:14
Commandline: apt-get install -y --no-install-recommends curl wget gnupg fontconfig ca-certificates p11-kit tzdata locales
Install: fontconfig:amd64 (2.15.0-1.1ubuntu2), libkeyutils1:amd64 (1.6.3-3build1, automatic), libgssapi-krb5-2:amd64 (1.20.1-6ubuntu2.6, automatic), readline-common:amd64 (8.2-4build1, automatic), libnghttp2-14:amd64 (1.59.0-1ubuntu0.2, automatic), libssh-4:amd64 (0.10.6-2ubuntu0.2, automatic), libldap2:amd64 (2.6.10+dfsg-0ubuntu0.24.04.1, automatic), gpg:amd64 (2.4.4-2ubuntu17.4, automatic), tzdata:amd64 (2025b-0ubuntu0.24.04.1), libpsl5t64:amd64 (0.21.2-1.1build1, automatic), libsasl2-2:amd64 (2.1.28+dfsg1-5ubuntu3.1, automatic), libexpat1:amd64 (2.6.1-2ubuntu0.4, automatic), librtmp1:amd64 (2.4+20151223.gitfa8646d.1-2build7, automatic), libfreetype6:amd64 (2.13.2+dfsg-1build3, automatic), keyboxd:amd64 (2.4.4-2ubuntu17.4, automatic), libreadline8t64:amd64 (8.2-4build1, automatic), gnupg:amd64 (2.4.4-2ubuntu17.4), libsasl2-modules-db:amd64 (2.1.28+dfsg1-5ubuntu3.1, automatic), libkrb5support0:amd64 (1.20.1-6ubuntu2.6, automatic), libfontconfig1:amd64 (2.15.0-1.1ubuntu2, automatic), gpg-agent:amd64 (2.4.4-2ubuntu17.4, automatic), wget:amd64 (1.21.4-1ubuntu4.1), p11-kit-modules:amd64 (0.25.3-4ubuntu2.1, automatic), fontconfig-config:amd64 (2.15.0-1.1ubuntu2, automatic), locales:amd64 (2.39-0ubuntu8.7), libkrb5-3:amd64 (1.20.1-6ubuntu2.6, automatic), libk5crypto3:amd64 (1.20.1-6ubuntu2.6, automatic), libsqlite3-0:amd64 (3.45.1-1ubuntu2.5, automatic), pinentry-curses:amd64 (1.2.1-3ubuntu5, automatic), libcurl4t64:amd64 (8.5.0-2ubuntu10.6, automatic), gpgsm:amd64 (2.4.4-2ubuntu17.4, automatic), fonts-dejavu-mono:amd64 (2.37-8, automatic), adduser:amd64 (3.137ubuntu1, automatic), ca-certificates:amd64 (20240203), libbrotli1:amd64 (1.1.0-2build2, automatic), dirmngr:amd64 (2.4.4-2ubuntu17.4, automatic), libksba8:amd64 (1.6.6-1build1, automatic), fonts-dejavu-core:amd64 (2.37-8, automatic), gnupg-utils:amd64 (2.4.4-2ubuntu17.4, automatic), curl:amd64 (8.5.0-2ubuntu10.6), libpng16-16t64:amd64 (1.6.43-5ubuntu0.5, automatic), gpgconf:amd64 (2.4.4-2ubuntu17.4, automatic), p11-kit:amd64 (0.25.3-4ubuntu2.1), openssl:amd64 (3.0.13-0ubuntu3.7, automatic)
End-Date: 2026-02-17  20:20:21

Start-Date: 2026-02-27  13:48:59
Commandline: apt-get -y install wget curl nginx gettext cron nano vim logrotate
Install: libxtables12:amd64 (1.8.10-3ubuntu2, automatic), libgomp1:amd64 (14.2.0-4ubuntu2~24.04.1, automatic), networkd-dispatcher:amd64 (2.2.4-1, automatic), python3.12:amd64 (3.12.3-1ubuntu0.11, automatic), python3-gi:amd64 (3.48.2-1, automatic), netbase:amd64 (6.4, automatic), systemd-timesyncd:amd64 (255.4-1ubuntu8.12, automatic), python3-minimal:amd64 (3.12.3-0ubuntu2.1, automatic), libcap2-bin:amd64 (1:2.66-5ubuntu2.2, automatic), vim:amd64 (2:9.1.0016-1ubuntu7.9), gir1.2-glib-2.0:amd64 (2.80.0-6ubuntu3.8, automatic), xxd:amd64 (2:9.1.0016-1ubuntu7.9, automatic), nginx:amd64 (1.24.0-2ubuntu7.6), nginx-common:amd64 (1.24.0-2ubuntu7.6, automatic), libpython3.12-minimal:amd64 (3.12.3-1ubuntu0.11, automatic), dbus-daemon:amd64 (1.14.10-4ubuntu4.1, automatic), libgpm2:amd64 (1.20.7-11, automatic), vim-common:amd64 (2:9.1.0016-1ubuntu7.9, automatic), libpopt0:amd64 (1.19+dfsg-1build1, automatic), logrotate:amd64 (3.21.0-2build1), libapparmor1:amd64 (4.0.1really4.0.1-0ubuntu0.24.04.5, automatic), python3:amd64 (3.12.3-0ubuntu2.1, automatic), libdbus-1-3:amd64 (1.14.10-4ubuntu4.1, automatic), dbus-bin:amd64 (1.14.10-4ubuntu4.1, automatic), libbpf1:amd64 (1:1.3.0-2build2, automatic), libmnl0:amd64 (1.0.5-2build1, automatic), libxml2:amd64 (2.9.14+dfsg-1.3ubuntu3.7, automatic), libglib2.0-data:amd64 (2.80.0-6ubuntu3.8, automatic), systemd:amd64 (255.4-1ubuntu8.12, automatic), shared-mime-info:amd64 (2.4-4, automatic), gettext-base:amd64 (0.21-14ubuntu2, automatic), libfdisk1:amd64 (2.39.3-9ubuntu6.4, automatic), systemd-dev:amd64 (255.4-1ubuntu8.12, automatic), libpython3.12t64:amd64 (3.12.3-1ubuntu0.11, automatic), libgirepository-1.0-1:amd64 (1.80.1-1, automatic), libsodium23:amd64 (1.0.18-1ubuntu0.24.04.1, automatic), xdg-user-dirs:amd64 (0.18-1build1, automatic), gir1.2-girepository-2.0:amd64 (1.80.1-1, automatic), media-types:amd64 (10.1.0, automatic), systemd-resolved:amd64 (255.4-1ubuntu8.12, automatic), dmsetup:amd64 (2:1.02.185-3ubuntu3.2, automatic), libjson-c5:amd64 (0.17-1build1, automatic), gettext:amd64 (0.21-14ubuntu2), dbus-session-bus-common:amd64 (1.14.10-4ubuntu4.1, automatic), libcryptsetup12:amd64 (2:2.7.0-1ubuntu4.2, automatic), vim-runtime:amd64 (2:9.1.0016-1ubuntu7.9, automatic), libpython3-stdlib:amd64 (3.12.3-0ubuntu2.1, automatic), nano:amd64 (7.2-2ubuntu0.1), cron-daemon-common:amd64 (3.0pl1-184ubuntu2, automatic), libsystemd-shared:amd64 (255.4-1ubuntu8.12, automatic), libkmod2:amd64 (31+20240202-2ubuntu7.1, automatic), cron:amd64 (3.0pl1-184ubuntu2), libpam-cap:amd64 (1:2.66-5ubuntu2.2, automatic), libargon2-1:amd64 (0~20190702+dfsg-4build1, automatic), python3.12-minimal:amd64 (3.12.3-1ubuntu0.11, automatic), python3-dbus:amd64 (1.3.2-5build3, automatic), dbus-system-bus-common:amd64 (1.14.10-4ubuntu4.1, automatic), dbus:amd64 (1.14.10-4ubuntu4.1, automatic), libelf1t64:amd64 (0.190-1.1ubuntu0.1, automatic), libpython3.12-stdlib:amd64 (3.12.3-1ubuntu0.11, automatic), libicu74:amd64 (74.2-1ubuntu3.1, automatic), iproute2:amd64 (6.1.0-1ubuntu6.2, automatic), libdevmapper1.02.1:amd64 (2:1.02.185-3ubuntu3.2, automatic), libglib2.0-0t64:amd64 (2.80.0-6ubuntu3.8, automatic), libatm1t64:amd64 (1:2.5.1-5.1build1, automatic)
Upgrade: libcurl4t64:amd64 (8.5.0-2ubuntu10.6, 8.5.0-2ubuntu10.7), curl:amd64 (8.5.0-2ubuntu10.6, 8.5.0-2ubuntu10.7), libstdc++6:amd64 (14.2.0-4ubuntu2~24.04, 14.2.0-4ubuntu2~24.04.1), gcc-14-base:amd64 (14.2.0-4ubuntu2~24.04, 14.2.0-4ubuntu2~24.04.1), libgcc-s1:amd64 (14.2.0-4ubuntu2~24.04, 14.2.0-4ubuntu2~24.04.1)
End-Date: 2026-02-27  13:49:19
